13:18:18 com_github_bouni_kicad-jlcpcb-tools.library 55: Data directory 'jlcpcb' does not exist and will be created.
13:18:20 com_github_bouni_kicad-jlcpcb-tools.library 362: Download parts db with a size of 53.06MB
13:18:20 com_github_bouni_kicad-jlcpcb-tools.fabrication 230: Successfully plotted Top layer
13:18:20 com_github_bouni_kicad-jlcpcb-tools.fabrication 230: Successfully plotted Silk top
13:18:20 com_github_bouni_kicad-jlcpcb-tools.fabrication 230: Successfully plotted Mask top
13:18:20 com_github_bouni_kicad-jlcpcb-tools.fabrication 230: Successfully plotted Paste top
13:18:20 com_github_bouni_kicad-jlcpcb-tools.fabrication 230: Successfully plotted Bottom layer
13:18:20 com_github_bouni_kicad-jlcpcb-tools.fabrication 230: Successfully plotted Silk top
13:18:20 com_github_bouni_kicad-jlcpcb-tools.fabrication 230: Successfully plotted Mask bottom
13:18:20 com_github_bouni_kicad-jlcpcb-tools.fabrication 230: Successfully plotted Paste bottom
13:18:20 com_github_bouni_kicad-jlcpcb-tools.fabrication 230: Successfully plotted Edges
13:18:20 com_github_bouni_kicad-jlcpcb-tools.fabrication 230: Successfully plotted V score cut
13:18:20 com_github_bouni_kicad-jlcpcb-tools.fabrication 245: Finished generating Excellon files
13:18:20 com_github_bouni_kicad-jlcpcb-tools.fabrication 257: Finished generating ZIP file
13:18:57 com_github_bouni_kicad-jlcpcb-tools.library 362: Download parts db with a size of 53.06MB
15:25:45 com_github_bouni_kicad-jlcpcb-tools.store 207: Part R2 does not exist in the database and will be created from the board.
15:25:45 com_github_bouni_kicad-jlcpcb-tools.store 207: Part R1 does not exist in the database and will be created from the board.
15:25:45 com_github_bouni_kicad-jlcpcb-tools.store 207: Part MX59 does not exist in the database and will be created from the board.
15:25:45 com_github_bouni_kicad-jlcpcb-tools.store 207: Part MX11 does not exist in the database and will be created from the board.
15:25:45 com_github_bouni_kicad-jlcpcb-tools.store 207: Part MX61 does not exist in the database and will be created from the board.
15:25:45 com_github_bouni_kicad-jlcpcb-tools.store 207: Part MX25 does not exist in the database and will be created from the board.
15:25:46 com_github_bouni_kicad-jlcpcb-tools.store 207: Part MX5 does not exist in the database and will be created from the board.
15:25:46 com_github_bouni_kicad-jlcpcb-tools.store 207: Part MX6 does not exist in the database and will be created from the board.
15:25:46 com_github_bouni_kicad-jlcpcb-tools.store 207: Part MX51 does not exist in the database and will be created from the board.
15:25:46 com_github_bouni_kicad-jlcpcb-tools.store 207: Part MX46 does not exist in the database and will be created from the board.
15:25:46 com_github_bouni_kicad-jlcpcb-tools.store 207: Part MX72 does not exist in the database and will be created from the board.
15:25:46 com_github_bouni_kicad-jlcpcb-tools.store 207: Part MX57 does not exist in the database and will be created from the board.
15:25:46 com_github_bouni_kicad-jlcpcb-tools.store 207: Part MX19 does not exist in the database and will be created from the board.
15:25:46 com_github_bouni_kicad-jlcpcb-tools.store 207: Part MX69 does not exist in the database and will be created from the board.
15:25:46 com_github_bouni_kicad-jlcpcb-tools.store 207: Part MX55 does not exist in the database and will be created from the board.
15:25:46 com_github_bouni_kicad-jlcpcb-tools.store 207: Part MX22 does not exist in the database and will be created from the board.
15:25:46 com_github_bouni_kicad-jlcpcb-tools.store 207: Part MX9 does not exist in the database and will be created from the board.
15:25:47 com_github_bouni_kicad-jlcpcb-tools.store 207: Part MX67 does not exist in the database and will be created from the board.
15:25:47 com_github_bouni_kicad-jlcpcb-tools.store 207: Part MX49 does not exist in the database and will be created from the board.
15:25:47 com_github_bouni_kicad-jlcpcb-tools.store 207: Part MX35 does not exist in the database and will be created from the board.
15:25:47 com_github_bouni_kicad-jlcpcb-tools.store 207: Part MX36 does not exist in the database and will be created from the board.
15:25:47 com_github_bouni_kicad-jlcpcb-tools.store 207: Part MX12 does not exist in the database and will be created from the board.
15:25:47 com_github_bouni_kicad-jlcpcb-tools.store 207: Part MX68 does not exist in the database and will be created from the board.
15:25:47 com_github_bouni_kicad-jlcpcb-tools.store 207: Part MX42 does not exist in the database and will be created from the board.
15:25:47 com_github_bouni_kicad-jlcpcb-tools.store 207: Part MX52 does not exist in the database and will be created from the board.
15:25:47 com_github_bouni_kicad-jlcpcb-tools.store 207: Part S71 does not exist in the database and will be created from the board.
15:25:47 com_github_bouni_kicad-jlcpcb-tools.store 207: Part MX15 does not exist in the database and will be created from the board.
15:25:48 com_github_bouni_kicad-jlcpcb-tools.store 207: Part MX14 does not exist in the database and will be created from the board.
15:25:48 com_github_bouni_kicad-jlcpcb-tools.store 207: Part MX53 does not exist in the database and will be created from the board.
15:25:48 com_github_bouni_kicad-jlcpcb-tools.store 207: Part MX40 does not exist in the database and will be created from the board.
15:25:48 com_github_bouni_kicad-jlcpcb-tools.store 207: Part MX66 does not exist in the database and will be created from the board.
15:25:48 com_github_bouni_kicad-jlcpcb-tools.store 207: Part MX10 does not exist in the database and will be created from the board.
15:25:48 com_github_bouni_kicad-jlcpcb-tools.store 207: Part MX21 does not exist in the database and will be created from the board.
15:25:48 com_github_bouni_kicad-jlcpcb-tools.store 207: Part MX62 does not exist in the database and will be created from the board.
15:25:48 com_github_bouni_kicad-jlcpcb-tools.store 207: Part MX32 does not exist in the database and will be created from the board.
15:25:48 com_github_bouni_kicad-jlcpcb-tools.store 207: Part MX56 does not exist in the database and will be created from the board.
15:25:48 com_github_bouni_kicad-jlcpcb-tools.store 207: Part MX38 does not exist in the database and will be created from the board.
15:25:49 com_github_bouni_kicad-jlcpcb-tools.store 207: Part MX44 does not exist in the database and will be created from the board.
15:25:49 com_github_bouni_kicad-jlcpcb-tools.store 207: Part MX74 does not exist in the database and will be created from the board.
15:25:49 com_github_bouni_kicad-jlcpcb-tools.store 207: Part MX28 does not exist in the database and will be created from the board.
15:25:49 com_github_bouni_kicad-jlcpcb-tools.store 207: Part MX30 does not exist in the database and will be created from the board.
15:25:49 com_github_bouni_kicad-jlcpcb-tools.store 207: Part MX63 does not exist in the database and will be created from the board.
15:25:49 com_github_bouni_kicad-jlcpcb-tools.store 207: Part MX60 does not exist in the database and will be created from the board.
15:25:49 com_github_bouni_kicad-jlcpcb-tools.store 207: Part MX45 does not exist in the database and will be created from the board.
15:25:49 com_github_bouni_kicad-jlcpcb-tools.store 207: Part MX64 does not exist in the database and will be created from the board.
15:25:49 com_github_bouni_kicad-jlcpcb-tools.store 207: Part MX26 does not exist in the database and will be created from the board.
15:25:49 com_github_bouni_kicad-jlcpcb-tools.store 207: Part MX24 does not exist in the database and will be created from the board.
15:25:50 com_github_bouni_kicad-jlcpcb-tools.store 207: Part MX13 does not exist in the database and will be created from the board.
15:25:50 com_github_bouni_kicad-jlcpcb-tools.store 207: Part MX71 does not exist in the database and will be created from the board.
15:25:50 com_github_bouni_kicad-jlcpcb-tools.store 207: Part MX37 does not exist in the database and will be created from the board.
15:25:50 com_github_bouni_kicad-jlcpcb-tools.store 207: Part MX1 does not exist in the database and will be created from the board.
15:25:50 com_github_bouni_kicad-jlcpcb-tools.store 207: Part MX23 does not exist in the database and will be created from the board.
15:25:50 com_github_bouni_kicad-jlcpcb-tools.store 207: Part MX47 does not exist in the database and will be created from the board.
15:25:50 com_github_bouni_kicad-jlcpcb-tools.store 207: Part MX3 does not exist in the database and will be created from the board.
15:25:51 com_github_bouni_kicad-jlcpcb-tools.store 207: Part MX70 does not exist in the database and will be created from the board.
15:25:55 com_github_bouni_kicad-jlcpcb-tools.store 207: Part MX16 does not exist in the database and will be created from the board.
15:25:57 com_github_bouni_kicad-jlcpcb-tools.store 207: Part MX8 does not exist in the database and will be created from the board.
15:25:57 com_github_bouni_kicad-jlcpcb-tools.store 207: Part MX33 does not exist in the database and will be created from the board.
15:25:59 com_github_bouni_kicad-jlcpcb-tools.store 207: Part MX2 does not exist in the database and will be created from the board.
15:25:59 com_github_bouni_kicad-jlcpcb-tools.store 207: Part MX27 does not exist in the database and will be created from the board.
15:25:59 com_github_bouni_kicad-jlcpcb-tools.store 207: Part MX31 does not exist in the database and will be created from the board.
15:25:59 com_github_bouni_kicad-jlcpcb-tools.store 207: Part MX50 does not exist in the database and will be created from the board.
15:25:59 com_github_bouni_kicad-jlcpcb-tools.store 207: Part MX41 does not exist in the database and will be created from the board.
15:25:59 com_github_bouni_kicad-jlcpcb-tools.store 207: Part MX65 does not exist in the database and will be created from the board.
15:25:59 com_github_bouni_kicad-jlcpcb-tools.store 207: Part MX48 does not exist in the database and will be created from the board.
15:26:00 com_github_bouni_kicad-jlcpcb-tools.store 207: Part MX58 does not exist in the database and will be created from the board.
15:26:00 com_github_bouni_kicad-jlcpcb-tools.store 207: Part MX73 does not exist in the database and will be created from the board.
15:26:00 com_github_bouni_kicad-jlcpcb-tools.store 207: Part MX20 does not exist in the database and will be created from the board.
15:26:00 com_github_bouni_kicad-jlcpcb-tools.store 207: Part MX43 does not exist in the database and will be created from the board.
15:26:00 com_github_bouni_kicad-jlcpcb-tools.store 207: Part MX34 does not exist in the database and will be created from the board.
15:26:00 com_github_bouni_kicad-jlcpcb-tools.store 207: Part MX39 does not exist in the database and will be created from the board.
15:26:00 com_github_bouni_kicad-jlcpcb-tools.store 207: Part MX17 does not exist in the database and will be created from the board.
15:26:00 com_github_bouni_kicad-jlcpcb-tools.store 207: Part MX4 does not exist in the database and will be created from the board.
15:26:00 com_github_bouni_kicad-jlcpcb-tools.store 207: Part MX7 does not exist in the database and will be created from the board.
15:26:00 com_github_bouni_kicad-jlcpcb-tools.store 207: Part MX18 does not exist in the database and will be created from the board.
15:26:01 com_github_bouni_kicad-jlcpcb-tools.store 207: Part MX54 does not exist in the database and will be created from the board.
15:26:01 com_github_bouni_kicad-jlcpcb-tools.store 207: Part MX29 does not exist in the database and will be created from the board.
15:26:01 com_github_bouni_kicad-jlcpcb-tools.store 207: Part D24 does not exist in the database and will be created from the board.
15:26:01 com_github_bouni_kicad-jlcpcb-tools.store 207: Part D53 does not exist in the database and will be created from the board.
15:26:01 com_github_bouni_kicad-jlcpcb-tools.store 207: Part D29 does not exist in the database and will be created from the board.
15:26:01 com_github_bouni_kicad-jlcpcb-tools.store 207: Part C5 does not exist in the database and will be created from the board.
15:26:01 com_github_bouni_kicad-jlcpcb-tools.store 207: Part D6 does not exist in the database and will be created from the board.
15:26:01 com_github_bouni_kicad-jlcpcb-tools.store 207: Part C1 does not exist in the database and will be created from the board.
15:26:01 com_github_bouni_kicad-jlcpcb-tools.store 207: Part Y1 does not exist in the database and will be created from the board.
15:26:01 com_github_bouni_kicad-jlcpcb-tools.store 207: Part D33 does not exist in the database and will be created from the board.
15:26:01 com_github_bouni_kicad-jlcpcb-tools.store 207: Part D13 does not exist in the database and will be created from the board.
15:26:02 com_github_bouni_kicad-jlcpcb-tools.store 207: Part D11 does not exist in the database and will be created from the board.
15:26:02 com_github_bouni_kicad-jlcpcb-tools.store 207: Part D9 does not exist in the database and will be created from the board.
15:26:02 com_github_bouni_kicad-jlcpcb-tools.store 207: Part D19 does not exist in the database and will be created from the board.
15:26:02 com_github_bouni_kicad-jlcpcb-tools.store 207: Part D52 does not exist in the database and will be created from the board.
15:26:02 com_github_bouni_kicad-jlcpcb-tools.store 207: Part C4 does not exist in the database and will be created from the board.
15:26:02 com_github_bouni_kicad-jlcpcb-tools.store 207: Part R3 does not exist in the database and will be created from the board.
15:26:02 com_github_bouni_kicad-jlcpcb-tools.store 207: Part D8 does not exist in the database and will be created from the board.
15:26:02 com_github_bouni_kicad-jlcpcb-tools.store 207: Part D73 does not exist in the database and will be created from the board.
15:26:02 com_github_bouni_kicad-jlcpcb-tools.store 207: Part D39 does not exist in the database and will be created from the board.
15:26:03 com_github_bouni_kicad-jlcpcb-tools.store 207: Part D59 does not exist in the database and will be created from the board.
15:26:03 com_github_bouni_kicad-jlcpcb-tools.store 207: Part D34 does not exist in the database and will be created from the board.
15:26:03 com_github_bouni_kicad-jlcpcb-tools.store 207: Part D54 does not exist in the database and will be created from the board.
15:26:03 com_github_bouni_kicad-jlcpcb-tools.store 207: Part D15 does not exist in the database and will be created from the board.
15:26:03 com_github_bouni_kicad-jlcpcb-tools.store 207: Part D63 does not exist in the database and will be created from the board.
15:26:03 com_github_bouni_kicad-jlcpcb-tools.store 207: Part D36 does not exist in the database and will be created from the board.
15:26:03 com_github_bouni_kicad-jlcpcb-tools.store 207: Part D62 does not exist in the database and will be created from the board.
15:26:03 com_github_bouni_kicad-jlcpcb-tools.store 207: Part USB1 does not exist in the database and will be created from the board.
15:26:03 com_github_bouni_kicad-jlcpcb-tools.store 207: Part D31 does not exist in the database and will be created from the board.
15:26:03 com_github_bouni_kicad-jlcpcb-tools.store 207: Part D22 does not exist in the database and will be created from the board.
15:26:04 com_github_bouni_kicad-jlcpcb-tools.store 207: Part D17 does not exist in the database and will be created from the board.
15:26:04 com_github_bouni_kicad-jlcpcb-tools.store 207: Part D14 does not exist in the database and will be created from the board.
15:26:04 com_github_bouni_kicad-jlcpcb-tools.store 207: Part D4 does not exist in the database and will be created from the board.
15:26:04 com_github_bouni_kicad-jlcpcb-tools.store 207: Part C2 does not exist in the database and will be created from the board.
15:26:06 com_github_bouni_kicad-jlcpcb-tools.store 207: Part D3 does not exist in the database and will be created from the board.
15:26:07 com_github_bouni_kicad-jlcpcb-tools.store 207: Part D23 does not exist in the database and will be created from the board.
15:26:09 com_github_bouni_kicad-jlcpcb-tools.store 207: Part D43 does not exist in the database and will be created from the board.
15:26:11 com_github_bouni_kicad-jlcpcb-tools.store 207: Part D51 does not exist in the database and will be created from the board.
15:26:11 com_github_bouni_kicad-jlcpcb-tools.store 207: Part D64 does not exist in the database and will be created from the board.
15:26:11 com_github_bouni_kicad-jlcpcb-tools.store 207: Part D55 does not exist in the database and will be created from the board.
15:26:11 com_github_bouni_kicad-jlcpcb-tools.store 207: Part D61 does not exist in the database and will be created from the board.
15:26:11 com_github_bouni_kicad-jlcpcb-tools.store 207: Part D70 does not exist in the database and will be created from the board.
15:26:11 com_github_bouni_kicad-jlcpcb-tools.store 207: Part D28 does not exist in the database and will be created from the board.
15:26:11 com_github_bouni_kicad-jlcpcb-tools.store 207: Part D21 does not exist in the database and will be created from the board.
15:26:12 com_github_bouni_kicad-jlcpcb-tools.store 207: Part D44 does not exist in the database and will be created from the board.
15:26:12 com_github_bouni_kicad-jlcpcb-tools.store 207: Part D40 does not exist in the database and will be created from the board.
15:26:12 com_github_bouni_kicad-jlcpcb-tools.store 207: Part D41 does not exist in the database and will be created from the board.
15:26:12 com_github_bouni_kicad-jlcpcb-tools.store 207: Part D7 does not exist in the database and will be created from the board.
15:26:12 com_github_bouni_kicad-jlcpcb-tools.store 207: Part D65 does not exist in the database and will be created from the board.
15:26:12 com_github_bouni_kicad-jlcpcb-tools.store 207: Part D69 does not exist in the database and will be created from the board.
15:26:12 com_github_bouni_kicad-jlcpcb-tools.store 207: Part D18 does not exist in the database and will be created from the board.
15:26:12 com_github_bouni_kicad-jlcpcb-tools.store 207: Part D26 does not exist in the database and will be created from the board.
15:26:12 com_github_bouni_kicad-jlcpcb-tools.store 207: Part C6 does not exist in the database and will be created from the board.
15:26:12 com_github_bouni_kicad-jlcpcb-tools.store 207: Part D71 does not exist in the database and will be created from the board.
15:26:13 com_github_bouni_kicad-jlcpcb-tools.store 207: Part D47 does not exist in the database and will be created from the board.
15:26:13 com_github_bouni_kicad-jlcpcb-tools.store 207: Part D25 does not exist in the database and will be created from the board.
15:26:13 com_github_bouni_kicad-jlcpcb-tools.store 207: Part D5 does not exist in the database and will be created from the board.
15:26:13 com_github_bouni_kicad-jlcpcb-tools.store 207: Part D20 does not exist in the database and will be created from the board.
15:26:13 com_github_bouni_kicad-jlcpcb-tools.store 207: Part C7 does not exist in the database and will be created from the board.
15:26:13 com_github_bouni_kicad-jlcpcb-tools.store 207: Part D42 does not exist in the database and will be created from the board.
15:26:13 com_github_bouni_kicad-jlcpcb-tools.store 207: Part F1 does not exist in the database and will be created from the board.
15:26:13 com_github_bouni_kicad-jlcpcb-tools.store 207: Part D66 does not exist in the database and will be created from the board.
15:26:13 com_github_bouni_kicad-jlcpcb-tools.store 207: Part D46 does not exist in the database and will be created from the board.
15:26:14 com_github_bouni_kicad-jlcpcb-tools.store 207: Part D50 does not exist in the database and will be created from the board.
15:26:14 com_github_bouni_kicad-jlcpcb-tools.store 207: Part D58 does not exist in the database and will be created from the board.
15:26:14 com_github_bouni_kicad-jlcpcb-tools.store 207: Part D45 does not exist in the database and will be created from the board.
15:26:14 com_github_bouni_kicad-jlcpcb-tools.store 207: Part D74 does not exist in the database and will be created from the board.
15:26:14 com_github_bouni_kicad-jlcpcb-tools.store 207: Part D72 does not exist in the database and will be created from the board.
15:26:14 com_github_bouni_kicad-jlcpcb-tools.store 207: Part R4 does not exist in the database and will be created from the board.
15:26:14 com_github_bouni_kicad-jlcpcb-tools.store 207: Part D37 does not exist in the database and will be created from the board.
15:26:14 com_github_bouni_kicad-jlcpcb-tools.store 207: Part D1 does not exist in the database and will be created from the board.
15:26:14 com_github_bouni_kicad-jlcpcb-tools.store 207: Part D48 does not exist in the database and will be created from the board.
15:26:14 com_github_bouni_kicad-jlcpcb-tools.store 207: Part U1 does not exist in the database and will be created from the board.
15:26:15 com_github_bouni_kicad-jlcpcb-tools.store 207: Part D30 does not exist in the database and will be created from the board.
15:26:15 com_github_bouni_kicad-jlcpcb-tools.store 207: Part D56 does not exist in the database and will be created from the board.
15:26:15 com_github_bouni_kicad-jlcpcb-tools.store 207: Part D49 does not exist in the database and will be created from the board.
15:26:15 com_github_bouni_kicad-jlcpcb-tools.store 207: Part D27 does not exist in the database and will be created from the board.
15:26:15 com_github_bouni_kicad-jlcpcb-tools.store 207: Part D2 does not exist in the database and will be created from the board.
15:26:15 com_github_bouni_kicad-jlcpcb-tools.store 207: Part D38 does not exist in the database and will be created from the board.
15:26:15 com_github_bouni_kicad-jlcpcb-tools.store 207: Part D32 does not exist in the database and will be created from the board.
15:26:15 com_github_bouni_kicad-jlcpcb-tools.store 207: Part D67 does not exist in the database and will be created from the board.
15:26:16 com_github_bouni_kicad-jlcpcb-tools.store 207: Part C3 does not exist in the database and will be created from the board.
15:26:17 com_github_bouni_kicad-jlcpcb-tools.store 207: Part SW1 does not exist in the database and will be created from the board.
15:26:19 com_github_bouni_kicad-jlcpcb-tools.store 207: Part D12 does not exist in the database and will be created from the board.
15:26:22 com_github_bouni_kicad-jlcpcb-tools.store 207: Part D10 does not exist in the database and will be created from the board.
15:26:25 com_github_bouni_kicad-jlcpcb-tools.store 207: Part D60 does not exist in the database and will be created from the board.
15:26:27 com_github_bouni_kicad-jlcpcb-tools.store 207: Part D35 does not exist in the database and will be created from the board.
15:26:29 com_github_bouni_kicad-jlcpcb-tools.store 207: Part D57 does not exist in the database and will be created from the board.
